<?xml version="1.0" encoding="UTF-8"?>
<!-- Generated by org.testng.reporters.JUnitReportReporter -->
<testsuite hostname="DESKTOP-BT7KMFQ" failures="0" tests="2" name="com.facebook.qa.test.LoginPageTest" time="14.258" errors="0" timestamp="2022-08-21T23:56:49 IST" skipped="0">
  <testcase classname="com.facebook.qa.test.LoginPageTest" name="LoginPageTitle" time="8.262"/>
  <system-out/>
  <testcase classname="com.facebook.qa.test.LoginPageTest" name="loginTest" time="5.996"/>
  <system-out/>
</testsuite> <!-- com.facebook.qa.test.LoginPageTest -->
