<?xml version="1.0" encoding="UTF-8"?>
<!-- Generated by org.testng.reporters.JUnitReportReporter -->
<testsuite hostname="DESKTOP-BT7KMFQ" failures="0" tests="2" name="com.facebook.qa.test.HomePageTest" time="48.440" errors="0" timestamp="2022-08-21T23:56:49 IST" skipped="0">
  <testcase classname="com.facebook.qa.test.HomePageTest" name="verifyHomePageTitleTest" time="25.292"/>
  <system-out/>
  <testcase classname="com.facebook.qa.test.HomePageTest" name="verifyUsernameTest" time="23.148"/>
  <system-out/>
</testsuite> <!-- com.facebook.qa.test.HomePageTest -->
