<?xml version="1.0" encoding="UTF-8"?>
<!-- Generated by org.testng.reporters.JUnitReportReporter -->
<testsuite hostname="DESKTOP-BT7KMFQ" failures="0" tests="1" name="com.facebook.qa.test.ProfilePageTest" time="14.390" errors="0" timestamp="2022-08-21T23:56:49 IST" skipped="0">
  <testcase classname="com.facebook.qa.test.ProfilePageTest" name="verifyProfilePageTest" time="14.390"/>
  <system-out/>
</testsuite> <!-- com.facebook.qa.test.ProfilePageTest -->
